Using pre-set license
Built from '2020.3/staging' branch; Version is '2020.3.5f1 (8095aa901b9b) revision 8426922'; Using compiler version '192528614'; Build Type 'Release'
OS: 'Windows 10 Home; OS build 19042.928; Version 2009; 64bit' Language: 'en' Physical Memory: 16258 MB
BatchMode: 1, IsHumanControllingUs: 0, StartBugReporterOnCrash: 0, Is64bit: 1, IsPro: 0

 COMMAND LINE ARGUMENTS:
C:\Program Files\Unity\Hub\Editor\2020.3.5f1\Editor\Unity.exe
-adb2
-batchMode
-noUpm
-name
AssetImportWorker0
-projectPath
D:/Tækniskóli/Leikja Forritun/Leikjaforritun/Verkefni 4
-logFile
Logs/AssetImportWorker0.log
-srvPort
50481
Successfully changed project path to: D:/Tækniskóli/Leikja Forritun/Leikjaforritun/Verkefni 4
D:/Tækniskóli/Leikja Forritun/Leikjaforritun/Verkefni 4
Using Asset Import Pipeline V2.
Refreshing native plugins compatible for Editor in 144.30 ms, found 1 plugins.
Preloading 0 native plugins for Editor in 0.00 ms.
Initialize engine version: 2020.3.5f1 (8095aa901b9b)
[Subsystems] Discovering subsystems at path C:/Program Files/Unity/Hub/Editor/2020.3.5f1/Editor/Data/Resources/UnitySubsystems
[Subsystems] Discovering subsystems at path D:/Tækniskóli/Leikja Forritun/Leikjaforritun/Verkefni 4/Assets
GfxDevice: creating device client; threaded=0
Direct3D:
    Version:  Direct3D 11.0 [level 11.1]
    Renderer: NVIDIA GeForce GTX 1050 Ti (ID=0x1c8c)
    Vendor:   
    VRAM:     4018 MB
    Driver:   27.21.14.6627
Initialize mono
Mono path[0] = 'C:/Program Files/Unity/Hub/Editor/2020.3.5f1/Editor/Data/Managed'
Mono path[1] = 'C:/Program Files/Unity/Hub/Editor/2020.3.5f1/Editor/Data/MonoBleedingEdge/lib/mono/unityjit'
Mono config path = 'C:/Program Files/Unity/Hub/Editor/2020.3.5f1/Editor/Data/MonoBleedingEdge/etc'
Using monoOptions --debugger-agent=transport=dt_socket,embedding=1,server=y,suspend=n,address=127.0.0.1:56428
Begin MonoManager ReloadAssembly
Registering precompiled unity dll's ...
Register platform support module: C:/Program Files/Unity/Hub/Editor/2020.3.5f1/Editor/Data/PlaybackEngines/WebGLSupport/UnityEditor.WebGL.Extensions.dll
Register platform support module: C:/Program Files/Unity/Hub/Editor/2020.3.5f1/Editor/Data/PlaybackEngines/WindowsStandaloneSupport/UnityEditor.WindowsStandalone.Extensions.dll
Registered in 0.009684 seconds.
Native extension for WindowsStandalone target not found
Native extension for WebGL target not found
Refreshing native plugins compatible for Editor in 153.43 ms, found 1 plugins.
Preloading 0 native plugins for Editor in 0.00 ms.
Mono: successfully reloaded assembly
- Completed reload, in  4.697 seconds
Platform modules already initialized, skipping
Registering precompiled user dll's ...
Registered in 0.003058 seconds.
Begin MonoManager ReloadAssembly
Native extension for WindowsStandalone target not found
Native extension for WebGL target not found
Refreshing native plugins compatible for Editor in 137.75 ms, found 1 plugins.
Preloading 0 native plugins for Editor in 0.00 ms.
Mono: successfully reloaded assembly
- Completed reload, in  3.459 seconds
Platform modules already initialized, skipping
========================================================================
Worker process is ready to serve import requests
Launched and connected shader compiler UnityShaderCompiler.exe after 0.13 seconds
Refreshing native plugins compatible for Editor in 0.67 ms, found 1 plugins.
Preloading 0 native plugins for Editor in 0.00 ms.
Unloading 1814 Unused Serialized files (Serialized files now loaded: 0)
System memory in use before: 85.2 MB.
System memory in use after: 85.3 MB.

Unloading 19 unused Assets to reduce memory usage. Loaded Objects now: 2265.
Total: 5.875100 ms (FindLiveObjects: 0.523500 ms CreateObjectMapping: 0.229100 ms MarkObjects: 4.933800 ms  DeleteObjects: 0.185300 ms)

========================================================================
Received Import Request.
  path: Assets/Art/Sprites/Characters/MrClockworkSheet.png
  artifactKey: Guid(651c4abeb0812e74685da0e5a31c8dff) Importer(815301076,1909f56bfc062723c751e8b465ee728b)
Start importing Assets/Art/Sprites/Characters/MrClockworkSheet.png using Guid(651c4abeb0812e74685da0e5a31c8dff) Importer(815301076,1909f56bfc062723c751e8b465ee728b)  -> (artifact id: 'c1c76443d1edace47960c4b787be3a44') in 0.579373 seconds
  Import took 0.590323 seconds .

========================================================================
Received Import Request.
  Time since last request: 40.674367 seconds.
  path: Assets/Art/Sprites/Characters/JambiSheet.png
  artifactKey: Guid(255841382d607e24a8317d9ab167f414) Importer(815301076,1909f56bfc062723c751e8b465ee728b)
Start importing Assets/Art/Sprites/Characters/JambiSheet.png using Guid(255841382d607e24a8317d9ab167f414) Importer(815301076,1909f56bfc062723c751e8b465ee728b)  -> (artifact id: '04e7fe41574fda5ed4808ddb09972037') in 0.081287 seconds
  Import took 0.092176 seconds .

========================================================================
Received Import Request.
  Time since last request: 33.553417 seconds.
  path: Assets/Art/Sprites/Characters/JambiSheet.png
  artifactKey: Guid(255841382d607e24a8317d9ab167f414) Importer(815301076,1909f56bfc062723c751e8b465ee728b)
Start importing Assets/Art/Sprites/Characters/JambiSheet.png using Guid(255841382d607e24a8317d9ab167f414) Importer(815301076,1909f56bfc062723c751e8b465ee728b)  -> (artifact id: 'dc813aa84b935aada167a36d9542a292') in 0.013716 seconds
  Import took 0.018913 seconds .

========================================================================
Received Import Request.
  Time since last request: 0.026564 seconds.
  path: Assets/Art/Sprites/Characters/JambiSheet.png
  artifactKey: Guid(255841382d607e24a8317d9ab167f414) Importer(815301076,1909f56bfc062723c751e8b465ee728b)
Start importing Assets/Art/Sprites/Characters/JambiSheet.png using Guid(255841382d607e24a8317d9ab167f414) Importer(815301076,1909f56bfc062723c751e8b465ee728b)  -> (artifact id: 'dc813aa84b935aada167a36d9542a292') in 0.032489 seconds
  Import took 0.046069 seconds .

========================================================================
Received Import Request.
  Time since last request: 8.234469 seconds.
  path: Assets/Art/Sprites/Characters/JambiSheet.png
  artifactKey: Guid(255841382d607e24a8317d9ab167f414) Importer(815301076,1909f56bfc062723c751e8b465ee728b)
Start importing Assets/Art/Sprites/Characters/JambiSheet.png using Guid(255841382d607e24a8317d9ab167f414) Importer(815301076,1909f56bfc062723c751e8b465ee728b)  -> (artifact id: 'e18e55ce7d0d52bf657feaab86062c67') in 0.070177 seconds
  Import took 0.081333 seconds .

========================================================================
Received Import Request.
  Time since last request: 40.012078 seconds.
  path: Assets/Art/Sprites/Characters/JambiSheet.png
  artifactKey: Guid(255841382d607e24a8317d9ab167f414) Importer(815301076,1909f56bfc062723c751e8b465ee728b)
Start importing Assets/Art/Sprites/Characters/JambiSheet.png using Guid(255841382d607e24a8317d9ab167f414) Importer(815301076,1909f56bfc062723c751e8b465ee728b)  -> (artifact id: '37952f22757a3c9284a46f7cda7b9b51') in 0.299878 seconds
  Import took 0.310026 seconds .

========================================================================
Received Import Request.
  Time since last request: 50.182465 seconds.
  path: Assets/Art/Animations/JambiSheet_0.controller
  artifactKey: Guid(beb1f39aa5f5f4f48a402ca54033fe84) Importer(815301076,1909f56bfc062723c751e8b465ee728b)
Start importing Assets/Art/Animations/JambiSheet_0.controller using Guid(beb1f39aa5f5f4f48a402ca54033fe84) Importer(815301076,1909f56bfc062723c751e8b465ee728b)  -> (artifact id: '00500f172e27f206c15fbdcc7ffb5f73') in 0.055498 seconds
  Import took 0.069390 seconds .

========================================================================
Received Import Request.
  Time since last request: 3.418267 seconds.
  path: Assets/Art/Animations/Frog.anim
  artifactKey: Guid(2a98b21aae7f9b743aa75ec8850eadcf) Importer(815301076,1909f56bfc062723c751e8b465ee728b)
Start importing Assets/Art/Animations/Frog.anim using Guid(2a98b21aae7f9b743aa75ec8850eadcf) Importer(815301076,1909f56bfc062723c751e8b465ee728b)  -> (artifact id: '8deafce4b1f46b0f40ffc768f6d1b0af') in 0.100580 seconds
  Import took 0.115871 seconds .

========================================================================
Received Prepare
Registering precompiled user dll's ...
Registered in 0.001626 seconds.
Begin MonoManager ReloadAssembly
Native extension for WindowsStandalone target not found
Native extension for WebGL target not found
Refreshing native plugins compatible for Editor in 0.66 ms, found 1 plugins.
Preloading 0 native plugins for Editor in 0.00 ms.
Mono: successfully reloaded assembly
- Completed reload, in  2.551 seconds
Platform modules already initialized, skipping
Refreshing native plugins compatible for Editor in 1.23 ms, found 1 plugins.
Preloading 0 native plugins for Editor in 0.00 ms.
Unloading 1804 Unused Serialized files (Serialized files now loaded: 0)
System memory in use before: 87.8 MB.
System memory in use after: 87.9 MB.

Unloading 7 unused Assets to reduce memory usage. Loaded Objects now: 2278.
Total: 6.765500 ms (FindLiveObjects: 1.379000 ms CreateObjectMapping: 0.921900 ms MarkObjects: 4.419400 ms  DeleteObjects: 0.041600 ms)

========================================================================
Received Prepare
Registering precompiled user dll's ...
Registered in 0.004433 seconds.
Begin MonoManager ReloadAssembly
Native extension for WindowsStandalone target not found
Native extension for WebGL target not found
Refreshing native plugins compatible for Editor in 0.66 ms, found 1 plugins.
Preloading 0 native plugins for Editor in 0.00 ms.
Mono: successfully reloaded assembly
- Completed reload, in  3.400 seconds
Platform modules already initialized, skipping
Refreshing native plugins compatible for Editor in 1.09 ms, found 1 plugins.
Preloading 0 native plugins for Editor in 0.00 ms.
Unloading 1804 Unused Serialized files (Serialized files now loaded: 0)
System memory in use before: 87.8 MB.
System memory in use after: 87.9 MB.

Unloading 7 unused Assets to reduce memory usage. Loaded Objects now: 2282.
Total: 6.143100 ms (FindLiveObjects: 0.371700 ms CreateObjectMapping: 0.172200 ms MarkObjects: 5.542500 ms  DeleteObjects: 0.054500 ms)

========================================================================
Received Import Request.
  Time since last request: 142.971555 seconds.
  path: ProjectSettings/TagManager.asset
  artifactKey: Guid(00000000000000003000000000000000) Importer(815301076,1909f56bfc062723c751e8b465ee728b)
Start importing ProjectSettings/TagManager.asset using Guid(00000000000000003000000000000000) Importer(815301076,1909f56bfc062723c751e8b465ee728b)  -> (artifact id: 'd909850601cf47a284782ef26cfcf778') in 0.037577 seconds
  Import took 0.046150 seconds .

========================================================================
Received Import Request.
  Time since last request: 25.617827 seconds.
  path: Assets/Prefab/Jambi.prefab
  artifactKey: Guid(8dcdc2bbf5b799a47ad290c4cac71e25) Importer(815301076,1909f56bfc062723c751e8b465ee728b)
Start importing Assets/Prefab/Jambi.prefab using Guid(8dcdc2bbf5b799a47ad290c4cac71e25) Importer(815301076,1909f56bfc062723c751e8b465ee728b)  -> (artifact id: '3d7d42230c12fa57b6ae627cb07120ef') in 0.128376 seconds
  Import took 0.135240 seconds .

========================================================================
Received Import Request.
  Time since last request: 73.612604 seconds.
  path: Assets/Scripts/EnemyController.cs
  artifactKey: Guid(dd41199d241ddd048bac88eeb5cf35e1) Importer(815301076,1909f56bfc062723c751e8b465ee728b)
Start importing Assets/Scripts/EnemyController.cs using Guid(dd41199d241ddd048bac88eeb5cf35e1) Importer(815301076,1909f56bfc062723c751e8b465ee728b)  -> (artifact id: '128813ff7561073761ecf02491459608') in 0.127408 seconds
  Import took 0.136877 seconds .

========================================================================
Received Import Request.
  Time since last request: 0.338408 seconds.
  path: Assets/Scripts/EnemyController.cs
  artifactKey: Guid(dd41199d241ddd048bac88eeb5cf35e1) Importer(815301076,1909f56bfc062723c751e8b465ee728b)
Start importing Assets/Scripts/EnemyController.cs using Guid(dd41199d241ddd048bac88eeb5cf35e1) Importer(815301076,1909f56bfc062723c751e8b465ee728b)  -> (artifact id: '128813ff7561073761ecf02491459608') in 0.007388 seconds
  Import took 0.020206 seconds .

========================================================================
Received Import Request.
  Time since last request: 0.553389 seconds.
  path: Assets/Scripts/PlayerControler.cs
  artifactKey: Guid(fc3427fce9427844595967c32461f4fc) Importer(815301076,1909f56bfc062723c751e8b465ee728b)
Start importing Assets/Scripts/PlayerControler.cs using Guid(fc3427fce9427844595967c32461f4fc) Importer(815301076,1909f56bfc062723c751e8b465ee728b)  -> (artifact id: '9f987fbb40e63b638eb3dc2a4f49c6f5') in 0.007381 seconds
  Import took 0.016696 seconds .

========================================================================
Received Import Request.
  Time since last request: 42.883812 seconds.
  path: Assets/Scripts/PlayerControler.cs
  artifactKey: Guid(fc3427fce9427844595967c32461f4fc) Importer(815301076,1909f56bfc062723c751e8b465ee728b)
Start importing Assets/Scripts/PlayerControler.cs using Guid(fc3427fce9427844595967c32461f4fc) Importer(815301076,1909f56bfc062723c751e8b465ee728b)  -> (artifact id: '3ae36af4fe78515e224e77002edda87e') in 0.006947 seconds
  Import took 0.018728 seconds .

========================================================================
Received Prepare
Registering precompiled user dll's ...
Registered in 0.001122 seconds.
Begin MonoManager ReloadAssembly
Native extension for WindowsStandalone target not found
Native extension for WebGL target not found
Refreshing native plugins compatible for Editor in 0.68 ms, found 1 plugins.
Preloading 0 native plugins for Editor in 0.00 ms.
Mono: successfully reloaded assembly
- Completed reload, in  2.119 seconds
Platform modules already initialized, skipping
Refreshing native plugins compatible for Editor in 0.41 ms, found 1 plugins.
Preloading 0 native plugins for Editor in 0.00 ms.
Unloading 1804 Unused Serialized files (Serialized files now loaded: 0)
System memory in use before: 87.9 MB.
System memory in use after: 88.0 MB.

Unloading 8 unused Assets to reduce memory usage. Loaded Objects now: 2290.
Total: 2.670200 ms (FindLiveObjects: 0.293100 ms CreateObjectMapping: 0.085200 ms MarkObjects: 2.271700 ms  DeleteObjects: 0.019200 ms)

========================================================================
Received Import Request.
  Time since last request: 40.043232 seconds.
  path: Assets/Scripts/PlayerControler.cs
  artifactKey: Guid(fc3427fce9427844595967c32461f4fc) Importer(815301076,1909f56bfc062723c751e8b465ee728b)
Start importing Assets/Scripts/PlayerControler.cs using Guid(fc3427fce9427844595967c32461f4fc) Importer(815301076,1909f56bfc062723c751e8b465ee728b)  -> (artifact id: 'f6930349ff9ab24bdcf1d4336d86728f') in 0.004713 seconds
  Import took 0.008311 seconds .

========================================================================
Received Import Request.
  Time since last request: 2.082810 seconds.
  path: Assets/Scripts/PlayerControler.cs
  artifactKey: Guid(fc3427fce9427844595967c32461f4fc) Importer(815301076,1909f56bfc062723c751e8b465ee728b)
Start importing Assets/Scripts/PlayerControler.cs using Guid(fc3427fce9427844595967c32461f4fc) Importer(815301076,1909f56bfc062723c751e8b465ee728b)  -> (artifact id: 'f6930349ff9ab24bdcf1d4336d86728f') in 0.003870 seconds
  Import took 0.011825 seconds .

========================================================================
Received Prepare
Registering precompiled user dll's ...
Registered in 0.001566 seconds.
Begin MonoManager ReloadAssembly
Native extension for WindowsStandalone target not found
Native extension for WebGL target not found
Refreshing native plugins compatible for Editor in 0.96 ms, found 1 plugins.
Preloading 0 native plugins for Editor in 0.00 ms.
Mono: successfully reloaded assembly
- Completed reload, in  2.705 seconds
Platform modules already initialized, skipping
Refreshing native plugins compatible for Editor in 1.00 ms, found 1 plugins.
Preloading 0 native plugins for Editor in 0.00 ms.
Unloading 1804 Unused Serialized files (Serialized files now loaded: 0)
System memory in use before: 87.9 MB.
System memory in use after: 88.0 MB.

Unloading 7 unused Assets to reduce memory usage. Loaded Objects now: 2294.
Total: 8.060800 ms (FindLiveObjects: 0.772800 ms CreateObjectMapping: 0.290800 ms MarkObjects: 6.918000 ms  DeleteObjects: 0.074100 ms)

========================================================================
Received Prepare
Registering precompiled user dll's ...
Registered in 0.001750 seconds.
Begin MonoManager ReloadAssembly
Native extension for WindowsStandalone target not found
Native extension for WebGL target not found
Refreshing native plugins compatible for Editor in 0.40 ms, found 1 plugins.
Preloading 0 native plugins for Editor in 0.00 ms.
Mono: successfully reloaded assembly
- Completed reload, in  1.652 seconds
Platform modules already initialized, skipping
Refreshing native plugins compatible for Editor in 1.01 ms, found 1 plugins.
Preloading 0 native plugins for Editor in 0.00 ms.
Unloading 1804 Unused Serialized files (Serialized files now loaded: 0)
System memory in use before: 87.9 MB.
System memory in use after: 88.0 MB.

Unloading 7 unused Assets to reduce memory usage. Loaded Objects now: 2298.
Total: 5.494800 ms (FindLiveObjects: 0.506900 ms CreateObjectMapping: 0.186700 ms MarkObjects: 4.748900 ms  DeleteObjects: 0.048900 ms)

========================================================================
Received Prepare
Registering precompiled user dll's ...
Registered in 0.001037 seconds.
Begin MonoManager ReloadAssembly
Native extension for WindowsStandalone target not found
Native extension for WebGL target not found
Refreshing native plugins compatible for Editor in 2.16 ms, found 1 plugins.
Preloading 0 native plugins for Editor in 0.00 ms.
Mono: successfully reloaded assembly
- Completed reload, in  3.608 seconds
Platform modules already initialized, skipping
Refreshing native plugins compatible for Editor in 1.14 ms, found 1 plugins.
Preloading 0 native plugins for Editor in 0.00 ms.
Unloading 1804 Unused Serialized files (Serialized files now loaded: 0)
System memory in use before: 87.9 MB.
System memory in use after: 88.0 MB.

Unloading 7 unused Assets to reduce memory usage. Loaded Objects now: 2302.
Total: 6.495900 ms (FindLiveObjects: 0.444000 ms CreateObjectMapping: 0.348200 ms MarkObjects: 5.650100 ms  DeleteObjects: 0.050100 ms)

========================================================================
Received Import Request.
  Time since last request: 239.347692 seconds.
  path: ProjectSettings/TagManager.asset
  artifactKey: Guid(00000000000000003000000000000000) Importer(815301076,1909f56bfc062723c751e8b465ee728b)
Start importing ProjectSettings/TagManager.asset using Guid(00000000000000003000000000000000) Importer(815301076,1909f56bfc062723c751e8b465ee728b)  -> (artifact id: 'ede809bc5331649eda30ac2eb5dba2f0') in 0.117742 seconds
  Import took 0.125530 seconds .

========================================================================
Received Import Request.
  Time since last request: 0.000884 seconds.
  path: ProjectSettings/TagManager.asset
  artifactKey: Guid(00000000000000003000000000000000) Importer(815301076,1909f56bfc062723c751e8b465ee728b)
Start importing ProjectSettings/TagManager.asset using Guid(00000000000000003000000000000000) Importer(815301076,1909f56bfc062723c751e8b465ee728b)  -> (artifact id: 'ede809bc5331649eda30ac2eb5dba2f0') in 0.003309 seconds
  Import took 0.008454 seconds .

========================================================================
Received Prepare
Registering precompiled user dll's ...
Registered in 0.001106 seconds.
Begin MonoManager ReloadAssembly
Native extension for WindowsStandalone target not found
Native extension for WebGL target not found
Refreshing native plugins compatible for Editor in 1.54 ms, found 1 plugins.
Preloading 0 native plugins for Editor in 0.00 ms.
Mono: successfully reloaded assembly
- Completed reload, in  2.295 seconds
Platform modules already initialized, skipping
Refreshing native plugins compatible for Editor in 0.78 ms, found 1 plugins.
Preloading 0 native plugins for Editor in 0.00 ms.
Unloading 1804 Unused Serialized files (Serialized files now loaded: 0)
System memory in use before: 87.9 MB.
System memory in use after: 88.0 MB.

Unloading 9 unused Assets to reduce memory usage. Loaded Objects now: 2306.
Total: 5.719700 ms (FindLiveObjects: 0.488600 ms CreateObjectMapping: 0.189500 ms MarkObjects: 4.955700 ms  DeleteObjects: 0.083000 ms)

========================================================================
Received Prepare
Registering precompiled user dll's ...
Registered in 0.001510 seconds.
Begin MonoManager ReloadAssembly
Native extension for WindowsStandalone target not found
Native extension for WebGL target not found
Refreshing native plugins compatible for Editor in 1.88 ms, found 1 plugins.
Preloading 0 native plugins for Editor in 0.00 ms.
Mono: successfully reloaded assembly
- Completed reload, in  3.606 seconds
Platform modules already initialized, skipping
Refreshing native plugins compatible for Editor in 1.14 ms, found 1 plugins.
Preloading 0 native plugins for Editor in 0.00 ms.
Unloading 1804 Unused Serialized files (Serialized files now loaded: 0)
System memory in use before: 87.9 MB.
System memory in use after: 88.1 MB.

Unloading 7 unused Assets to reduce memory usage. Loaded Objects now: 2310.
Total: 8.357600 ms (FindLiveObjects: 0.910100 ms CreateObjectMapping: 0.339200 ms MarkObjects: 7.037900 ms  DeleteObjects: 0.064800 ms)

========================================================================
Received Prepare
Registering precompiled user dll's ...
Registered in 0.001181 seconds.
Begin MonoManager ReloadAssembly
Native extension for WindowsStandalone target not found
Native extension for WebGL target not found
Refreshing native plugins compatible for Editor in 1.06 ms, found 1 plugins.
Preloading 0 native plugins for Editor in 0.00 ms.
Mono: successfully reloaded assembly
- Completed reload, in  2.296 seconds
Platform modules already initialized, skipping
Refreshing native plugins compatible for Editor in 1.25 ms, found 1 plugins.
Preloading 0 native plugins for Editor in 0.00 ms.
Unloading 1804 Unused Serialized files (Serialized files now loaded: 0)
System memory in use before: 88.0 MB.
System memory in use after: 88.1 MB.

Unloading 7 unused Assets to reduce memory usage. Loaded Objects now: 2314.
Total: 7.701600 ms (FindLiveObjects: 0.910400 ms CreateObjectMapping: 0.413600 ms MarkObjects: 6.325600 ms  DeleteObjects: 0.049000 ms)

========================================================================
Received Prepare
Registering precompiled user dll's ...
Registered in 0.001163 seconds.
Begin MonoManager ReloadAssembly
Native extension for WindowsStandalone target not found
Native extension for WebGL target not found
Refreshing native plugins compatible for Editor in 0.59 ms, found 1 plugins.
Preloading 0 native plugins for Editor in 0.00 ms.
Mono: successfully reloaded assembly
- Completed reload, in  2.832 seconds
Platform modules already initialized, skipping
Refreshing native plugins compatible for Editor in 0.87 ms, found 1 plugins.
Preloading 0 native plugins for Editor in 0.00 ms.
Unloading 1804 Unused Serialized files (Serialized files now loaded: 0)
System memory in use before: 88.0 MB.
System memory in use after: 88.1 MB.

Unloading 7 unused Assets to reduce memory usage. Loaded Objects now: 2318.
Total: 4.965300 ms (FindLiveObjects: 0.525800 ms CreateObjectMapping: 0.216100 ms MarkObjects: 4.179000 ms  DeleteObjects: 0.041100 ms)

========================================================================
Received Import Request.
  Time since last request: 702.319382 seconds.
  path: Assets/Scripts/NonPlayerCharacter.cs
  artifactKey: Guid(697fb40754de2cf40b0a394ee89448d0) Importer(815301076,1909f56bfc062723c751e8b465ee728b)
Start importing Assets/Scripts/NonPlayerCharacter.cs using Guid(697fb40754de2cf40b0a394ee89448d0) Importer(815301076,1909f56bfc062723c751e8b465ee728b)  -> (artifact id: 'cf24b1cbcf8c9abb0912155761583bfd') in 0.009397 seconds
  Import took 0.015227 seconds .

========================================================================
Received Prepare
Registering precompiled user dll's ...
Registered in 0.001082 seconds.
Begin MonoManager ReloadAssembly
Native extension for WindowsStandalone target not found
Native extension for WebGL target not found
Refreshing native plugins compatible for Editor in 0.68 ms, found 1 plugins.
Preloading 0 native plugins for Editor in 0.00 ms.
Mono: successfully reloaded assembly
- Completed reload, in  2.651 seconds
Platform modules already initialized, skipping
Refreshing native plugins compatible for Editor in 1.13 ms, found 1 plugins.
Preloading 0 native plugins for Editor in 0.00 ms.
Unloading 1818 Unused Serialized files (Serialized files now loaded: 0)
System memory in use before: 90.1 MB.
System memory in use after: 89.6 MB.

Unloading 20 unused Assets to reduce memory usage. Loaded Objects now: 2323.
Total: 8.340400 ms (FindLiveObjects: 0.626700 ms CreateObjectMapping: 0.322400 ms MarkObjects: 6.351400 ms  DeleteObjects: 1.036500 ms)

========================================================================
Received Prepare
Registering precompiled user dll's ...
Registered in 0.001404 seconds.
Begin MonoManager ReloadAssembly
Native extension for WindowsStandalone target not found
Native extension for WebGL target not found
Refreshing native plugins compatible for Editor in 0.67 ms, found 1 plugins.
Preloading 0 native plugins for Editor in 0.00 ms.
Mono: successfully reloaded assembly
- Completed reload, in  2.126 seconds
Platform modules already initialized, skipping
Refreshing native plugins compatible for Editor in 0.42 ms, found 1 plugins.
Preloading 0 native plugins for Editor in 0.00 ms.
Unloading 1818 Unused Serialized files (Serialized files now loaded: 0)
System memory in use before: 90.1 MB.
System memory in use after: 89.6 MB.

Unloading 20 unused Assets to reduce memory usage. Loaded Objects now: 2327.
Total: 3.748100 ms (FindLiveObjects: 0.460400 ms CreateObjectMapping: 0.159100 ms MarkObjects: 2.612400 ms  DeleteObjects: 0.514600 ms)

========================================================================
Received Import Request.
  Time since last request: 81.667471 seconds.
  path: Assets/Scripts/NonPlayerCharacter.cs
  artifactKey: Guid(697fb40754de2cf40b0a394ee89448d0) Importer(815301076,1909f56bfc062723c751e8b465ee728b)
Start importing Assets/Scripts/NonPlayerCharacter.cs using Guid(697fb40754de2cf40b0a394ee89448d0) Importer(815301076,1909f56bfc062723c751e8b465ee728b)  -> (artifact id: 'a60b4f1ad222097f5f0888e29b273a57') in 0.004908 seconds
  Import took 0.008657 seconds .

========================================================================
Received Import Request.
  Time since last request: 2.577121 seconds.
  path: Assets/Scripts/NonPlayerCharacter.cs
  artifactKey: Guid(697fb40754de2cf40b0a394ee89448d0) Importer(815301076,1909f56bfc062723c751e8b465ee728b)
Start importing Assets/Scripts/NonPlayerCharacter.cs using Guid(697fb40754de2cf40b0a394ee89448d0) Importer(815301076,1909f56bfc062723c751e8b465ee728b)  -> (artifact id: 'a60b4f1ad222097f5f0888e29b273a57') in 0.002081 seconds
  Import took 0.005710 seconds .

========================================================================
Received Prepare
Registering precompiled user dll's ...
Registered in 0.001075 seconds.
Begin MonoManager ReloadAssembly
Native extension for WindowsStandalone target not found
Native extension for WebGL target not found
Refreshing native plugins compatible for Editor in 0.97 ms, found 1 plugins.
Preloading 0 native plugins for Editor in 0.00 ms.
Mono: successfully reloaded assembly
- Completed reload, in  3.495 seconds
Platform modules already initialized, skipping
Refreshing native plugins compatible for Editor in 1.05 ms, found 1 plugins.
Preloading 0 native plugins for Editor in 0.00 ms.
Unloading 1818 Unused Serialized files (Serialized files now loaded: 0)
System memory in use before: 90.1 MB.
System memory in use after: 89.6 MB.

Unloading 20 unused Assets to reduce memory usage. Loaded Objects now: 2331.
Total: 7.538500 ms (FindLiveObjects: 0.342300 ms CreateObjectMapping: 0.151000 ms MarkObjects: 5.982800 ms  DeleteObjects: 1.059400 ms)

========================================================================
Received Prepare
Registering precompiled user dll's ...
Registered in 0.001604 seconds.
Begin MonoManager ReloadAssembly
Native extension for WindowsStandalone target not found
Native extension for WebGL target not found
Refreshing native plugins compatible for Editor in 1.43 ms, found 1 plugins.
Preloading 0 native plugins for Editor in 0.00 ms.
Mono: successfully reloaded assembly
- Completed reload, in  2.822 seconds
Platform modules already initialized, skipping
Refreshing native plugins compatible for Editor in 0.77 ms, found 1 plugins.
Preloading 0 native plugins for Editor in 0.00 ms.
Unloading 1818 Unused Serialized files (Serialized files now loaded: 0)
System memory in use before: 90.1 MB.
System memory in use after: 89.6 MB.

Unloading 20 unused Assets to reduce memory usage. Loaded Objects now: 2335.
Total: 5.477300 ms (FindLiveObjects: 0.511200 ms CreateObjectMapping: 0.266300 ms MarkObjects: 3.988000 ms  DeleteObjects: 0.709100 ms)

AssetImportWorkerClient::OnTransportError - code=2 error=End of file
