Using pre-set license
Built from '2020.3/staging' branch; Version is '2020.3.5f1 (8095aa901b9b) revision 8426922'; Using compiler version '192528614'; Build Type 'Release'
OS: 'Windows 10 Home; OS build 19042.928; Version 2009; 64bit' Language: 'en' Physical Memory: 16258 MB
BatchMode: 1, IsHumanControllingUs: 0, StartBugReporterOnCrash: 0, Is64bit: 1, IsPro: 0

 COMMAND LINE ARGUMENTS:
C:\Program Files\Unity\Hub\Editor\2020.3.5f1\Editor\Unity.exe
-adb2
-batchMode
-noUpm
-name
AssetImportWorker0
-projectPath
D:/Tækniskóli/Leikja Forritun/Leikjaforritun/Verkefni 4
-logFile
Logs/AssetImportWorker0.log
-srvPort
54581
Successfully changed project path to: D:/Tækniskóli/Leikja Forritun/Leikjaforritun/Verkefni 4
D:/Tækniskóli/Leikja Forritun/Leikjaforritun/Verkefni 4
Using Asset Import Pipeline V2.
Refreshing native plugins compatible for Editor in 36.86 ms, found 1 plugins.
Preloading 0 native plugins for Editor in 0.00 ms.
Initialize engine version: 2020.3.5f1 (8095aa901b9b)
[Subsystems] Discovering subsystems at path C:/Program Files/Unity/Hub/Editor/2020.3.5f1/Editor/Data/Resources/UnitySubsystems
[Subsystems] Discovering subsystems at path D:/Tækniskóli/Leikja Forritun/Leikjaforritun/Verkefni 4/Assets
GfxDevice: creating device client; threaded=0
Direct3D:
    Version:  Direct3D 11.0 [level 11.1]
    Renderer: NVIDIA GeForce GTX 1050 Ti (ID=0x1c8c)
    Vendor:   
    VRAM:     4018 MB
    Driver:   27.21.14.6627
Initialize mono
Mono path[0] = 'C:/Program Files/Unity/Hub/Editor/2020.3.5f1/Editor/Data/Managed'
Mono path[1] = 'C:/Program Files/Unity/Hub/Editor/2020.3.5f1/Editor/Data/MonoBleedingEdge/lib/mono/unityjit'
Mono config path = 'C:/Program Files/Unity/Hub/Editor/2020.3.5f1/Editor/Data/MonoBleedingEdge/etc'
Using monoOptions --debugger-agent=transport=dt_socket,embedding=1,server=y,suspend=n,address=127.0.0.1:56052
Begin MonoManager ReloadAssembly
Registering precompiled unity dll's ...
Register platform support module: C:/Program Files/Unity/Hub/Editor/2020.3.5f1/Editor/Data/PlaybackEngines/WebGLSupport/UnityEditor.WebGL.Extensions.dll
Register platform support module: C:/Program Files/Unity/Hub/Editor/2020.3.5f1/Editor/Data/PlaybackEngines/WindowsStandaloneSupport/UnityEditor.WindowsStandalone.Extensions.dll
Registered in 0.002920 seconds.
Native extension for WindowsStandalone target not found
Native extension for WebGL target not found
Refreshing native plugins compatible for Editor in 39.51 ms, found 1 plugins.
Preloading 0 native plugins for Editor in 0.00 ms.
Mono: successfully reloaded assembly
- Completed reload, in  1.367 seconds
Platform modules already initialized, skipping
Registering precompiled user dll's ...
Registered in 0.001354 seconds.
Begin MonoManager ReloadAssembly
Native extension for WindowsStandalone target not found
Native extension for WebGL target not found
Refreshing native plugins compatible for Editor in 38.71 ms, found 1 plugins.
Preloading 0 native plugins for Editor in 0.00 ms.
Mono: successfully reloaded assembly
- Completed reload, in  1.006 seconds
Platform modules already initialized, skipping
========================================================================
Worker process is ready to serve import requests
Launched and connected shader compiler UnityShaderCompiler.exe after 0.09 seconds
Refreshing native plugins compatible for Editor in 0.46 ms, found 1 plugins.
Preloading 0 native plugins for Editor in 0.00 ms.
Unloading 1812 Unused Serialized files (Serialized files now loaded: 0)
System memory in use before: 84.9 MB.
System memory in use after: 85.0 MB.

Unloading 19 unused Assets to reduce memory usage. Loaded Objects now: 2261.
Total: 2.143400 ms (FindLiveObjects: 0.236900 ms CreateObjectMapping: 0.075100 ms MarkObjects: 1.769000 ms  DeleteObjects: 0.061400 ms)

========================================================================
Received Import Request.
  path: Assets/Art/Sprites/VFX/CogBullet.png
  artifactKey: Guid(c3bae526786f11046bdd2a781392a458) Importer(815301076,1909f56bfc062723c751e8b465ee728b)
Start importing Assets/Art/Sprites/VFX/CogBullet.png using Guid(c3bae526786f11046bdd2a781392a458) Importer(815301076,1909f56bfc062723c751e8b465ee728b)  -> (artifact id: '8df86c79d36e701d70b8b40eb990415f') in 0.200409 seconds
  Import took 0.209936 seconds .

========================================================================
Received Import Request.
  Time since last request: 623.792726 seconds.
  path: Assets/Scripts/Projectile.cs
  artifactKey: Guid(89c0c8ce958ecf544a4756d1d1a5d0d8) Importer(815301076,1909f56bfc062723c751e8b465ee728b)
Start importing Assets/Scripts/Projectile.cs using Guid(89c0c8ce958ecf544a4756d1d1a5d0d8) Importer(815301076,1909f56bfc062723c751e8b465ee728b)  -> (artifact id: 'b510a4e89f4374bf505ea4c4d4d7441d') in 0.012784 seconds
  Import took 0.017059 seconds .

========================================================================
Received Prepare
Registering precompiled user dll's ...
Registered in 0.000761 seconds.
Begin MonoManager ReloadAssembly
Native extension for WindowsStandalone target not found
Native extension for WebGL target not found
Refreshing native plugins compatible for Editor in 0.35 ms, found 1 plugins.
Preloading 0 native plugins for Editor in 0.00 ms.
Mono: successfully reloaded assembly
- Completed reload, in  0.822 seconds
Platform modules already initialized, skipping
Refreshing native plugins compatible for Editor in 0.40 ms, found 1 plugins.
Preloading 0 native plugins for Editor in 0.00 ms.
Unloading 1803 Unused Serialized files (Serialized files now loaded: 0)
System memory in use before: 87.4 MB.
System memory in use after: 87.6 MB.

Unloading 7 unused Assets to reduce memory usage. Loaded Objects now: 2272.
Total: 1.893600 ms (FindLiveObjects: 0.209800 ms CreateObjectMapping: 0.094800 ms MarkObjects: 1.569600 ms  DeleteObjects: 0.018100 ms)

========================================================================
Received Prepare
Registering precompiled user dll's ...
Registered in 0.000805 seconds.
Begin MonoManager ReloadAssembly
Native extension for WindowsStandalone target not found
Native extension for WebGL target not found
Refreshing native plugins compatible for Editor in 0.32 ms, found 1 plugins.
Preloading 0 native plugins for Editor in 0.00 ms.
Mono: successfully reloaded assembly
- Completed reload, in  0.936 seconds
Platform modules already initialized, skipping
Refreshing native plugins compatible for Editor in 0.33 ms, found 1 plugins.
Preloading 0 native plugins for Editor in 0.00 ms.
Unloading 1803 Unused Serialized files (Serialized files now loaded: 0)
System memory in use before: 87.5 MB.
System memory in use after: 87.6 MB.

Unloading 7 unused Assets to reduce memory usage. Loaded Objects now: 2276.
Total: 2.628600 ms (FindLiveObjects: 0.230500 ms CreateObjectMapping: 0.110200 ms MarkObjects: 2.265800 ms  DeleteObjects: 0.021100 ms)

========================================================================
Received Import Request.
  Time since last request: 185.903517 seconds.
  path: Assets/Scripts/Projectile.cs
  artifactKey: Guid(89c0c8ce958ecf544a4756d1d1a5d0d8) Importer(815301076,1909f56bfc062723c751e8b465ee728b)
Start importing Assets/Scripts/Projectile.cs using Guid(89c0c8ce958ecf544a4756d1d1a5d0d8) Importer(815301076,1909f56bfc062723c751e8b465ee728b)  -> (artifact id: 'e35ecd770ae877b9bbb91e5496794cc3') in 0.003391 seconds
  Import took 0.006595 seconds .

========================================================================
Received Import Request.
  Time since last request: 279.486650 seconds.
  path: Assets/Prefab/CogBullet.prefab
  artifactKey: Guid(b73a79314da619d41b520e15bfff632e) Importer(815301076,1909f56bfc062723c751e8b465ee728b)
Start importing Assets/Prefab/CogBullet.prefab using Guid(b73a79314da619d41b520e15bfff632e) Importer(815301076,1909f56bfc062723c751e8b465ee728b)  -> (artifact id: '3cfa2933b47346d8efe40f82cf9321b7') in 0.078622 seconds
  Import took 0.082922 seconds .

========================================================================
Received Import Request.
  Time since last request: 3.807021 seconds.
  path: Assets/Prefab/projectilePrefab.prefab
  artifactKey: Guid(b73a79314da619d41b520e15bfff632e) Importer(815301076,1909f56bfc062723c751e8b465ee728b)
Start importing Assets/Prefab/projectilePrefab.prefab using Guid(b73a79314da619d41b520e15bfff632e) Importer(815301076,1909f56bfc062723c751e8b465ee728b)  -> (artifact id: '58bfd7732419973034beb5a4a4bccb7e') in 0.045690 seconds
  Import took 0.049998 seconds .

========================================================================
Received Prepare
Registering precompiled user dll's ...
Registered in 0.000820 seconds.
Begin MonoManager ReloadAssembly
Native extension for WindowsStandalone target not found
Native extension for WebGL target not found
Refreshing native plugins compatible for Editor in 0.33 ms, found 1 plugins.
Preloading 0 native plugins for Editor in 0.00 ms.
Mono: successfully reloaded assembly
- Completed reload, in  0.920 seconds
Platform modules already initialized, skipping
Refreshing native plugins compatible for Editor in 0.32 ms, found 1 plugins.
Preloading 0 native plugins for Editor in 0.00 ms.
Unloading 1803 Unused Serialized files (Serialized files now loaded: 0)
System memory in use before: 87.5 MB.
System memory in use after: 87.7 MB.

Unloading 7 unused Assets to reduce memory usage. Loaded Objects now: 2285.
Total: 2.547800 ms (FindLiveObjects: 0.410600 ms CreateObjectMapping: 0.166600 ms MarkObjects: 1.952600 ms  DeleteObjects: 0.016400 ms)

========================================================================
Received Prepare
Registering precompiled user dll's ...
Registered in 0.001238 seconds.
Begin MonoManager ReloadAssembly
Native extension for WindowsStandalone target not found
Native extension for WebGL target not found
Refreshing native plugins compatible for Editor in 0.34 ms, found 1 plugins.
Preloading 0 native plugins for Editor in 0.00 ms.
Mono: successfully reloaded assembly
- Completed reload, in  0.850 seconds
Platform modules already initialized, skipping
Refreshing native plugins compatible for Editor in 0.35 ms, found 1 plugins.
Preloading 0 native plugins for Editor in 0.00 ms.
Unloading 1803 Unused Serialized files (Serialized files now loaded: 0)
System memory in use before: 87.6 MB.
System memory in use after: 87.7 MB.

Unloading 7 unused Assets to reduce memory usage. Loaded Objects now: 2289.
Total: 2.089600 ms (FindLiveObjects: 0.308000 ms CreateObjectMapping: 0.098800 ms MarkObjects: 1.663700 ms  DeleteObjects: 0.017800 ms)

========================================================================
Received Import Request.
  Time since last request: 205.548757 seconds.
  path: ProjectSettings/TagManager.asset
  artifactKey: Guid(00000000000000003000000000000000) Importer(815301076,1909f56bfc062723c751e8b465ee728b)
Start importing ProjectSettings/TagManager.asset using Guid(00000000000000003000000000000000) Importer(815301076,1909f56bfc062723c751e8b465ee728b)  -> (artifact id: '0cf9088148c8a3cbd29f9a356fcbb966') in 0.014169 seconds
  Import took 0.018283 seconds .

========================================================================
Received Import Request.
  Time since last request: 67.189480 seconds.
  path: Assets/Prefab/CogBullet.prefab
  artifactKey: Guid(b73a79314da619d41b520e15bfff632e) Importer(815301076,1909f56bfc062723c751e8b465ee728b)
Start importing Assets/Prefab/CogBullet.prefab using Guid(b73a79314da619d41b520e15bfff632e) Importer(815301076,1909f56bfc062723c751e8b465ee728b)  -> (artifact id: 'a90ff9fee77212c9b6b76f6858c33347') in 0.043044 seconds
  Import took 0.046219 seconds .

========================================================================
Received Import Request.
  Time since last request: 12.710753 seconds.
  path: Assets/Scenes/SampleScene.unity
  artifactKey: Guid(2cda990e2423bbf4892e6590ba056729) Importer(815301076,1909f56bfc062723c751e8b465ee728b)
Start importing Assets/Scenes/SampleScene.unity using Guid(2cda990e2423bbf4892e6590ba056729) Importer(815301076,1909f56bfc062723c751e8b465ee728b)  -> (artifact id: '9accddbb3c5f844d3fba547d83f66cec') in 0.002542 seconds
  Import took 0.006431 seconds .

========================================================================
Received Prepare
Registering precompiled user dll's ...
Registered in 0.000880 seconds.
Begin MonoManager ReloadAssembly
Native extension for WindowsStandalone target not found
Native extension for WebGL target not found
Refreshing native plugins compatible for Editor in 0.33 ms, found 1 plugins.
Preloading 0 native plugins for Editor in 0.00 ms.
Mono: successfully reloaded assembly
- Completed reload, in  0.818 seconds
Platform modules already initialized, skipping
Refreshing native plugins compatible for Editor in 0.32 ms, found 1 plugins.
Preloading 0 native plugins for Editor in 0.00 ms.
Unloading 1803 Unused Serialized files (Serialized files now loaded: 0)
System memory in use before: 87.6 MB.
System memory in use after: 87.7 MB.

Unloading 8 unused Assets to reduce memory usage. Loaded Objects now: 2294.
Total: 2.308500 ms (FindLiveObjects: 0.277600 ms CreateObjectMapping: 0.084600 ms MarkObjects: 1.930900 ms  DeleteObjects: 0.014200 ms)

========================================================================
Received Prepare
Registering precompiled user dll's ...
Registered in 0.001384 seconds.
Begin MonoManager ReloadAssembly
Native extension for WindowsStandalone target not found
Native extension for WebGL target not found
Refreshing native plugins compatible for Editor in 0.36 ms, found 1 plugins.
Preloading 0 native plugins for Editor in 0.00 ms.
Mono: successfully reloaded assembly
- Completed reload, in  0.857 seconds
Platform modules already initialized, skipping
Refreshing native plugins compatible for Editor in 0.32 ms, found 1 plugins.
Preloading 0 native plugins for Editor in 0.00 ms.
Unloading 1803 Unused Serialized files (Serialized files now loaded: 0)
System memory in use before: 87.6 MB.
System memory in use after: 87.7 MB.

Unloading 7 unused Assets to reduce memory usage. Loaded Objects now: 2298.
Total: 2.132500 ms (FindLiveObjects: 0.171100 ms CreateObjectMapping: 0.064000 ms MarkObjects: 1.879800 ms  DeleteObjects: 0.016900 ms)

========================================================================
Received Prepare
Registering precompiled user dll's ...
Registered in 0.001165 seconds.
Begin MonoManager ReloadAssembly
Native extension for WindowsStandalone target not found
Native extension for WebGL target not found
Refreshing native plugins compatible for Editor in 0.32 ms, found 1 plugins.
Preloading 0 native plugins for Editor in 0.00 ms.
Mono: successfully reloaded assembly
- Completed reload, in  0.917 seconds
Platform modules already initialized, skipping
Refreshing native plugins compatible for Editor in 0.32 ms, found 1 plugins.
Preloading 0 native plugins for Editor in 0.00 ms.
Unloading 1803 Unused Serialized files (Serialized files now loaded: 0)
System memory in use before: 87.6 MB.
System memory in use after: 87.7 MB.

Unloading 7 unused Assets to reduce memory usage. Loaded Objects now: 2302.
Total: 1.888500 ms (FindLiveObjects: 0.196200 ms CreateObjectMapping: 0.069000 ms MarkObjects: 1.598300 ms  DeleteObjects: 0.023200 ms)

========================================================================
Received Prepare
Registering precompiled user dll's ...
Registered in 0.000888 seconds.
Begin MonoManager ReloadAssembly
Native extension for WindowsStandalone target not found
Native extension for WebGL target not found
Refreshing native plugins compatible for Editor in 0.33 ms, found 1 plugins.
Preloading 0 native plugins for Editor in 0.00 ms.
Mono: successfully reloaded assembly
- Completed reload, in  0.821 seconds
Platform modules already initialized, skipping
Refreshing native plugins compatible for Editor in 0.31 ms, found 1 plugins.
Preloading 0 native plugins for Editor in 0.00 ms.
Unloading 1803 Unused Serialized files (Serialized files now loaded: 0)
System memory in use before: 87.6 MB.
System memory in use after: 87.7 MB.

Unloading 7 unused Assets to reduce memory usage. Loaded Objects now: 2306.
Total: 2.615500 ms (FindLiveObjects: 0.321100 ms CreateObjectMapping: 0.132000 ms MarkObjects: 2.144700 ms  DeleteObjects: 0.016300 ms)

========================================================================
Received Prepare
Registering precompiled user dll's ...
Registered in 0.000808 seconds.
Begin MonoManager ReloadAssembly
Native extension for WindowsStandalone target not found
Native extension for WebGL target not found
Refreshing native plugins compatible for Editor in 0.31 ms, found 1 plugins.
Preloading 0 native plugins for Editor in 0.00 ms.
Mono: successfully reloaded assembly
- Completed reload, in  0.792 seconds
Platform modules already initialized, skipping
Refreshing native plugins compatible for Editor in 0.32 ms, found 1 plugins.
Preloading 0 native plugins for Editor in 0.00 ms.
Unloading 1803 Unused Serialized files (Serialized files now loaded: 0)
System memory in use before: 87.6 MB.
System memory in use after: 87.7 MB.

Unloading 7 unused Assets to reduce memory usage. Loaded Objects now: 2310.
Total: 1.775500 ms (FindLiveObjects: 0.178900 ms CreateObjectMapping: 0.061200 ms MarkObjects: 1.517800 ms  DeleteObjects: 0.017000 ms)

========================================================================
Received Import Request.
  Time since last request: 823.375698 seconds.
  path: Assets/Art/Sprites/VFX/Materials/CogBullet.mat
  artifactKey: Guid(f08b0e98207d39845a5981971b3b629a) Importer(815301076,1909f56bfc062723c751e8b465ee728b)
Start importing Assets/Art/Sprites/VFX/Materials/CogBullet.mat using Guid(f08b0e98207d39845a5981971b3b629a) Importer(815301076,1909f56bfc062723c751e8b465ee728b)  -> (artifact id: 'ef72427af20938da235d85d3a81ebd6b') in 0.083296 seconds
  Import took 0.086871 seconds .

========================================================================
Received Prepare
Registering precompiled user dll's ...
Registered in 0.000847 seconds.
Begin MonoManager ReloadAssembly
Native extension for WindowsStandalone target not found
Native extension for WebGL target not found
Refreshing native plugins compatible for Editor in 0.32 ms, found 1 plugins.
Preloading 0 native plugins for Editor in 0.00 ms.
Mono: successfully reloaded assembly
- Completed reload, in  0.813 seconds
Platform modules already initialized, skipping
Refreshing native plugins compatible for Editor in 0.32 ms, found 1 plugins.
Preloading 0 native plugins for Editor in 0.00 ms.
Unloading 1803 Unused Serialized files (Serialized files now loaded: 0)
System memory in use before: 87.8 MB.
System memory in use after: 88.0 MB.

Unloading 7 unused Assets to reduce memory usage. Loaded Objects now: 2348.
Total: 2.836300 ms (FindLiveObjects: 0.344200 ms CreateObjectMapping: 0.114700 ms MarkObjects: 2.360100 ms  DeleteObjects: 0.016500 ms)

========================================================================
Received Import Request.
  Time since last request: 578.630809 seconds.
  path: Assets/Scenes/SampleScene.unity
  artifactKey: Guid(2cda990e2423bbf4892e6590ba056729) Importer(815301076,1909f56bfc062723c751e8b465ee728b)
Start importing Assets/Scenes/SampleScene.unity using Guid(2cda990e2423bbf4892e6590ba056729) Importer(815301076,1909f56bfc062723c751e8b465ee728b)  -> (artifact id: 'bb71d0403df199906cfbb34ac43f750a') in 0.013907 seconds
  Import took 0.018756 seconds .

========================================================================
Received Import Request.
  Time since last request: 27.926831 seconds.
  path: Assets/Art/Animations/Robot Animations/Robot Animator.controller
  artifactKey: Guid(8e30684cf0517324e98913cb0feea4cb) Importer(815301076,1909f56bfc062723c751e8b465ee728b)
Start importing Assets/Art/Animations/Robot Animations/Robot Animator.controller using Guid(8e30684cf0517324e98913cb0feea4cb) Importer(815301076,1909f56bfc062723c751e8b465ee728b)  -> (artifact id: '2d6f2c39b64795b217d768c0690cd6a6') in 0.007248 seconds
  Import took 0.011013 seconds .

========================================================================
Received Prepare
Registering precompiled user dll's ...
Registered in 0.000835 seconds.
Begin MonoManager ReloadAssembly
Native extension for WindowsStandalone target not found
Native extension for WebGL target not found
Refreshing native plugins compatible for Editor in 0.32 ms, found 1 plugins.
Preloading 0 native plugins for Editor in 0.00 ms.
Mono: successfully reloaded assembly
- Completed reload, in  0.808 seconds
Platform modules already initialized, skipping
Refreshing native plugins compatible for Editor in 0.33 ms, found 1 plugins.
Preloading 0 native plugins for Editor in 0.00 ms.
Unloading 1803 Unused Serialized files (Serialized files now loaded: 0)
System memory in use before: 87.9 MB.
System memory in use after: 88.0 MB.

Unloading 7 unused Assets to reduce memory usage. Loaded Objects now: 2352.
Total: 2.100500 ms (FindLiveObjects: 0.313200 ms CreateObjectMapping: 0.107900 ms MarkObjects: 1.665300 ms  DeleteObjects: 0.013200 ms)

========================================================================
Received Prepare
Registering precompiled user dll's ...
Registered in 0.001007 seconds.
Begin MonoManager ReloadAssembly
Native extension for WindowsStandalone target not found
Native extension for WebGL target not found
Refreshing native plugins compatible for Editor in 0.32 ms, found 1 plugins.
Preloading 0 native plugins for Editor in 0.00 ms.
Mono: successfully reloaded assembly
- Completed reload, in  0.822 seconds
Platform modules already initialized, skipping
Refreshing native plugins compatible for Editor in 0.40 ms, found 1 plugins.
Preloading 0 native plugins for Editor in 0.00 ms.
Unloading 1803 Unused Serialized files (Serialized files now loaded: 0)
System memory in use before: 87.9 MB.
System memory in use after: 88.0 MB.

Unloading 7 unused Assets to reduce memory usage. Loaded Objects now: 2356.
Total: 1.880200 ms (FindLiveObjects: 0.180600 ms CreateObjectMapping: 0.067900 ms MarkObjects: 1.617200 ms  DeleteObjects: 0.013500 ms)

========================================================================
Received Prepare
Registering precompiled user dll's ...
Registered in 0.000821 seconds.
Begin MonoManager ReloadAssembly
Native extension for WindowsStandalone target not found
Native extension for WebGL target not found
Refreshing native plugins compatible for Editor in 0.31 ms, found 1 plugins.
Preloading 0 native plugins for Editor in 0.00 ms.
Mono: successfully reloaded assembly
- Completed reload, in  0.797 seconds
Platform modules already initialized, skipping
Refreshing native plugins compatible for Editor in 0.33 ms, found 1 plugins.
Preloading 0 native plugins for Editor in 0.00 ms.
Unloading 1803 Unused Serialized files (Serialized files now loaded: 0)
System memory in use before: 87.9 MB.
System memory in use after: 88.0 MB.

Unloading 7 unused Assets to reduce memory usage. Loaded Objects now: 2360.
Total: 2.802900 ms (FindLiveObjects: 1.061600 ms CreateObjectMapping: 0.103700 ms MarkObjects: 1.622600 ms  DeleteObjects: 0.014000 ms)

========================================================================
Received Import Request.
  Time since last request: 404.973051 seconds.
  path: Assets/Scenes/RubyGame.unity
  artifactKey: Guid(d0c81645fcc6c5841b092f6a36761337) Importer(815301076,1909f56bfc062723c751e8b465ee728b)
Start importing Assets/Scenes/RubyGame.unity using Guid(d0c81645fcc6c5841b092f6a36761337) Importer(815301076,1909f56bfc062723c751e8b465ee728b)  -> (artifact id: 'f56b3a6f1e1133994f8c6a092f00b7ca') in 0.009103 seconds
  Import took 0.013269 seconds .

========================================================================
Received Import Request.
  Time since last request: 9.092474 seconds.
  path: Assets/Scenes/SampleScene.unity
  artifactKey: Guid(2cda990e2423bbf4892e6590ba056729) Importer(815301076,1909f56bfc062723c751e8b465ee728b)
Start importing Assets/Scenes/SampleScene.unity using Guid(2cda990e2423bbf4892e6590ba056729) Importer(815301076,1909f56bfc062723c751e8b465ee728b)  -> (artifact id: '2105d0fb9bd17185dd88f76dcec6ea1a') in 0.002617 seconds
  Import took 0.006319 seconds .

AssetImportWorkerClient::OnTransportError - code=2 error=End of file
